Importer Log Report
Project : Group

Section : Analyze Document - C:\Users\Hall\Desktop\PCBSat\sprite\lbr\ABM11.lbr
    Analyzing data of C:\Users\Hall\Desktop\PCBSat\sprite\lbr\ABM11.lbr
    Load settings
    Load layers 45
    Load Library library
    Load Library ""
    Load Packages 2
    Load Symbols 1
    Load DeviceSets 2
EndSection

Section : Analyze Document - C:\Users\Hall\Desktop\PCBSat\sprite\lbr\LSM9DS1.lbr
    Analyzing data of C:\Users\Hall\Desktop\PCBSat\sprite\lbr\LSM9DS1.lbr
    Load settings
    Load layers 140
    Load Library library
    Load Library ""
    Load Packages 1
    Load Symbols 1
    Load DeviceSets 1
EndSection

Section : Analyze Document - C:\Users\Hall\Desktop\PCBSat\sprite\lbr\Sprite.lbr
    Analyzing data of C:\Users\Hall\Desktop\PCBSat\sprite\lbr\Sprite.lbr
    Load settings
    Load layers 94
    Load Library library
    Load Library ""
    Load Packages 15
    Load Symbols 0
    Load DeviceSets 0
EndSection

Section : Analyze Document - C:\Users\Hall\Desktop\PCBSat\sprite\lbr\SpriteAntenna.lbr
    Analyzing data of C:\Users\Hall\Desktop\PCBSat\sprite\lbr\SpriteAntenna.lbr
    Load settings
    Load layers 45
    Load Library library
    Load Library ""
    Load Packages 1
    Load Symbols 1
    Load DeviceSets 1
EndSection

Section : Analyze Document - C:\Users\Hall\Desktop\PCBSat\sprite\lbr\SpritePin.lbr
    Analyzing data of C:\Users\Hall\Desktop\PCBSat\sprite\lbr\SpritePin.lbr
    Load settings
    Load layers 45
    Load Library library
    Load Library ""
    Load Packages 1
    Load Symbols 1
    Load DeviceSets 1
EndSection

Section : Analyze Document - C:\Users\Hall\Desktop\PCBSat\sprite\lbr\SpriteTCXO.lbr
    Analyzing data of C:\Users\Hall\Desktop\PCBSat\sprite\lbr\SpriteTCXO.lbr
    Load settings
    Load layers 45
    Load Library library
    Load Library ""
    Load Packages 1
    Load Symbols 1
    Load DeviceSets 1
EndSection

Section : Analyze Document - C:\Users\Hall\Desktop\PCBSat\sprite\lbr\TASC.lbr
    Analyzing data of C:\Users\Hall\Desktop\PCBSat\sprite\lbr\TASC.lbr
    Load settings
    Load layers 45
    Load Library library
    Load Library ""
    Load Packages 1
    Load Symbols 1
    Load DeviceSets 1
EndSection

Section : Analyze Document - C:\Users\Hall\Desktop\PCBSat\sprite\lbr\TriSolX_QzQube.lbr
    Analyzing data of C:\Users\Hall\Desktop\PCBSat\sprite\lbr\TriSolX_QzQube.lbr
    Load settings
    Load layers 108
    Load Library library
    Load Library ""
    Load Packages 1
    Load Symbols 1
    Load DeviceSets 1
EndSection

Section : Analyze Document - C:\Users\Hall\Desktop\PCBSat\sprite\DevBoard.brd
    Analyzing data of C:\Users\Hall\Desktop\PCBSat\sprite\DevBoard.brd
    Load settings
    Load layers 104
    Load Library "TI_MSP430_v16"
    Load Packages 1
    Load Library "rcl"
    Load Packages 2
    Load Library "SparkFun"
    Load Packages 7
    Load Library "SpriteAntenna"
    Load Packages 1
    Load Library "TASC"
    Load Packages 1
    Load Library "ABM11"
    Load Packages 1
    ERROR: Unhandled typeerrors
EndSection
